TN:
SF:C:\Users\hackathon\test/src/test-app/test-app.js
FN:12,(anonymous_0)
FN:24,(anonymous_1)
FN:37,(anonymous_2)
FN:47,(anonymous_3)
FN:55,(anonymous_4)
FNF:5
FNH:5
FNDA:2,(anonymous_0)
FNDA:2,(anonymous_1)
FNDA:2,(anonymous_2)
FNDA:6,(anonymous_3)
FNDA:6,(anonymous_4)
DA:13,2
DA:25,2
DA:38,2
DA:40,2
DA:41,2
DA:42,2
DA:43,2
DA:48,6
DA:49,6
DA:50,6
DA:56,6
DA:57,6
DA:58,6
DA:59,6
DA:60,6
DA:64,2
LF:16
LH:16
BRDA:38,0,0,2
BRDA:48,1,0,6
BRDA:48,1,1,0
BRDA:59,2,0,6
BRDA:59,2,1,0
BRF:5
BRH:3
end_of_record
